<?xml version="1.0" encoding="UTF-8"?>
<!-- Generated by org.testng.reporters.JUnitXMLReporter -->
<testsuite hostname="IMCYBCP291-MSL1" ignored="0" name="Test" tests="1" failures="1" timestamp="2023-04-26T19:50:39 IST" time="35.215" errors="0">
  <testcase name="m1" time="35.181" classname="TestClass.TestLogin">
    <failure type="java.lang.NullPointerException">
      <![CDATA[java.lang.NullPointerException
at Base_Utility_CommonFunctions.UtilityClass.getvalue(UtilityClass.java:82)
at TestClass.TestLogin.m1(TestLogin.java:41)
at java.util.ArrayList.forEach(ArrayList.java:1259)
... Removed 27 stack frames]]>
    </failure>
  </testcase> <!-- m1 -->
</testsuite> <!-- Test -->
